[27-Jul-2020 11:33:44 UTC] PHP Warning:  mysqli_real_connect(): The server requested authentication method unknown to the client [caching_sha2_password] in /Users/azamsurabov/Sites/testdomain.loc/bedrock/web/wp/wp-includes/wp-db.php on line 1626
[27-Jul-2020 11:33:44 UTC] PHP Warning:  mysqli_real_connect(): (HY000/2054): The server requested authentication method unknown to the client in /Users/azamsurabov/Sites/testdomain.loc/bedrock/web/wp/wp-includes/wp-db.php on line 1626
[27-Jul-2020 11:34:33 UTC] PHP Warning:  mysqli_real_connect(): The server requested authentication method unknown to the client [caching_sha2_password] in /Users/azamsurabov/Sites/testdomain.loc/bedrock/web/wp/wp-includes/wp-db.php on line 1626
[27-Jul-2020 11:34:33 UTC] PHP Warning:  mysqli_real_connect(): (HY000/2054): The server requested authentication method unknown to the client in /Users/azamsurabov/Sites/testdomain.loc/bedrock/web/wp/wp-includes/wp-db.php on line 1626
[27-Jul-2020 11:34:34 UTC] PHP Warning:  mysqli_real_connect(): The server requested authentication method unknown to the client [caching_sha2_password] in /Users/azamsurabov/Sites/testdomain.loc/bedrock/web/wp/wp-includes/wp-db.php on line 1626
[27-Jul-2020 11:34:34 UTC] PHP Warning:  mysqli_real_connect(): (HY000/2054): The server requested authentication method unknown to the client in /Users/azamsurabov/Sites/testdomain.loc/bedrock/web/wp/wp-includes/wp-db.php on line 1626
[27-Jul-2020 11:37:32 UTC] PHP Warning:  mysqli_real_connect(): The server requested authentication method unknown to the client [caching_sha2_password] in /Users/azamsurabov/Sites/testdomain.loc/bedrock/web/wp/wp-includes/wp-db.php on line 1626
[27-Jul-2020 11:37:32 UTC] PHP Warning:  mysqli_real_connect(): (HY000/2054): The server requested authentication method unknown to the client in /Users/azamsurabov/Sites/testdomain.loc/bedrock/web/wp/wp-includes/wp-db.php on line 1626
[27-Jul-2020 11:37:34 UTC] PHP Warning:  mysqli_real_connect(): The server requested authentication method unknown to the client [caching_sha2_password] in /Users/azamsurabov/Sites/testdomain.loc/bedrock/web/wp/wp-includes/wp-db.php on line 1626
[27-Jul-2020 11:37:34 UTC] PHP Warning:  mysqli_real_connect(): (HY000/2054): The server requested authentication method unknown to the client in /Users/azamsurabov/Sites/testdomain.loc/bedrock/web/wp/wp-includes/wp-db.php on line 1626
[27-Jul-2020 11:37:35 UTC] PHP Warning:  mysqli_real_connect(): The server requested authentication method unknown to the client [caching_sha2_password] in /Users/azamsurabov/Sites/testdomain.loc/bedrock/web/wp/wp-includes/wp-db.php on line 1626
[27-Jul-2020 11:37:35 UTC] PHP Warning:  mysqli_real_connect(): (HY000/2054): The server requested authentication method unknown to the client in /Users/azamsurabov/Sites/testdomain.loc/bedrock/web/wp/wp-includes/wp-db.php on line 1626
[27-Jul-2020 11:37:36 UTC] PHP Warning:  mysqli_real_connect(): The server requested authentication method unknown to the client [caching_sha2_password] in /Users/azamsurabov/Sites/testdomain.loc/bedrock/web/wp/wp-includes/wp-db.php on line 1626
[27-Jul-2020 11:37:36 UTC] PHP Warning:  mysqli_real_connect(): (HY000/2054): The server requested authentication method unknown to the client in /Users/azamsurabov/Sites/testdomain.loc/bedrock/web/wp/wp-includes/wp-db.php on line 1626
[27-Jul-2020 11:37:37 UTC] PHP Warning:  mysqli_real_connect(): The server requested authentication method unknown to the client [caching_sha2_password] in /Users/azamsurabov/Sites/testdomain.loc/bedrock/web/wp/wp-includes/wp-db.php on line 1626
[27-Jul-2020 11:37:37 UTC] PHP Warning:  mysqli_real_connect(): (HY000/2054): The server requested authentication method unknown to the client in /Users/azamsurabov/Sites/testdomain.loc/bedrock/web/wp/wp-includes/wp-db.php on line 1626
[27-Jul-2020 11:37:37 UTC] PHP Warning:  mysqli_real_connect(): The server requested authentication method unknown to the client [caching_sha2_password] in /Users/azamsurabov/Sites/testdomain.loc/bedrock/web/wp/wp-includes/wp-db.php on line 1626
[27-Jul-2020 11:37:37 UTC] PHP Warning:  mysqli_real_connect(): (HY000/2054): The server requested authentication method unknown to the client in /Users/azamsurabov/Sites/testdomain.loc/bedrock/web/wp/wp-includes/wp-db.php on line 1626
[27-Jul-2020 11:37:38 UTC] PHP Warning:  mysqli_real_connect(): The server requested authentication method unknown to the client [caching_sha2_password] in /Users/azamsurabov/Sites/testdomain.loc/bedrock/web/wp/wp-includes/wp-db.php on line 1626
[27-Jul-2020 11:37:38 UTC] PHP Warning:  mysqli_real_connect(): (HY000/2054): The server requested authentication method unknown to the client in /Users/azamsurabov/Sites/testdomain.loc/bedrock/web/wp/wp-includes/wp-db.php on line 1626
[27-Jul-2020 11:37:38 UTC] PHP Warning:  mysqli_real_connect(): The server requested authentication method unknown to the client [caching_sha2_password] in /Users/azamsurabov/Sites/testdomain.loc/bedrock/web/wp/wp-includes/wp-db.php on line 1626
[27-Jul-2020 11:37:38 UTC] PHP Warning:  mysqli_real_connect(): (HY000/2054): The server requested authentication method unknown to the client in /Users/azamsurabov/Sites/testdomain.loc/bedrock/web/wp/wp-includes/wp-db.php on line 1626
[27-Jul-2020 11:39:59 UTC] PHP Warning:  mysqli_real_connect(): The server requested authentication method unknown to the client [caching_sha2_password] in /Users/azamsurabov/Sites/testdomain.loc/bedrock/web/wp/wp-includes/wp-db.php on line 1626
[27-Jul-2020 11:39:59 UTC] PHP Warning:  mysqli_real_connect(): (HY000/2054): The server requested authentication method unknown to the client in /Users/azamsurabov/Sites/testdomain.loc/bedrock/web/wp/wp-includes/wp-db.php on line 1626
[27-Jul-2020 11:40:02 UTC] PHP Warning:  mysqli_real_connect(): The server requested authentication method unknown to the client [caching_sha2_password] in /Users/azamsurabov/Sites/testdomain.loc/bedrock/web/wp/wp-includes/wp-db.php on line 1626
[27-Jul-2020 11:40:02 UTC] PHP Warning:  mysqli_real_connect(): (HY000/2054): The server requested authentication method unknown to the client in /Users/azamsurabov/Sites/testdomain.loc/bedrock/web/wp/wp-includes/wp-db.php on line 1626
[27-Jul-2020 11:42:37 UTC] PHP Warning:  mysqli_real_connect(): The server requested authentication method unknown to the client [caching_sha2_password] in /Users/azamsurabov/Sites/testdomain.loc/bedrock/web/wp/wp-includes/wp-db.php on line 1626
[27-Jul-2020 11:42:37 UTC] PHP Warning:  mysqli_real_connect(): (HY000/2054): The server requested authentication method unknown to the client in /Users/azamsurabov/Sites/testdomain.loc/bedrock/web/wp/wp-includes/wp-db.php on line 1626
[27-Jul-2020 12:00:26 UTC] PHP Warning:  mysqli_real_connect(): (HY000/2002): Connection refused in /Users/azamsurabov/Sites/testdomain.loc/bedrock/web/wp/wp-includes/wp-db.php on line 1626
[27-Jul-2020 12:00:28 UTC] PHP Warning:  mysqli_real_connect(): (HY000/2002): Connection refused in /Users/azamsurabov/Sites/testdomain.loc/bedrock/web/wp/wp-includes/wp-db.php on line 1626
[27-Jul-2020 12:16:04 UTC] PHP Warning:  mysqli_real_connect(): The server requested authentication method unknown to the client [caching_sha2_password] in /Users/azamsurabov/Sites/testdomain.loc/bedrock/web/wp/wp-includes/wp-db.php on line 1626
[27-Jul-2020 12:16:04 UTC] PHP Warning:  mysqli_real_connect(): (HY000/2054): The server requested authentication method unknown to the client in /Users/azamsurabov/Sites/testdomain.loc/bedrock/web/wp/wp-includes/wp-db.php on line 1626
[27-Jul-2020 12:16:06 UTC] PHP Warning:  mysqli_real_connect(): The server requested authentication method unknown to the client [caching_sha2_password] in /Users/azamsurabov/Sites/testdomain.loc/bedrock/web/wp/wp-includes/wp-db.php on line 1626
[27-Jul-2020 12:16:06 UTC] PHP Warning:  mysqli_real_connect(): (HY000/2054): The server requested authentication method unknown to the client in /Users/azamsurabov/Sites/testdomain.loc/bedrock/web/wp/wp-includes/wp-db.php on line 1626
[27-Jul-2020 12:16:07 UTC] PHP Warning:  mysqli_real_connect(): The server requested authentication method unknown to the client [caching_sha2_password] in /Users/azamsurabov/Sites/testdomain.loc/bedrock/web/wp/wp-includes/wp-db.php on line 1626
[27-Jul-2020 12:16:07 UTC] PHP Warning:  mysqli_real_connect(): (HY000/2054): The server requested authentication method unknown to the client in /Users/azamsurabov/Sites/testdomain.loc/bedrock/web/wp/wp-includes/wp-db.php on line 1626
[27-Jul-2020 12:16:09 UTC] PHP Warning:  mysqli_real_connect(): The server requested authentication method unknown to the client [caching_sha2_password] in /Users/azamsurabov/Sites/testdomain.loc/bedrock/web/wp/wp-includes/wp-db.php on line 1626
[27-Jul-2020 12:16:09 UTC] PHP Warning:  mysqli_real_connect(): (HY000/2054): The server requested authentication method unknown to the client in /Users/azamsurabov/Sites/testdomain.loc/bedrock/web/wp/wp-includes/wp-db.php on line 1626
[27-Jul-2020 12:20:25 UTC] PHP Warning:  mysqli_real_connect(): The server requested authentication method unknown to the client [caching_sha2_password] in /Users/azamsurabov/Sites/testdomain.loc/bedrock/web/wp/wp-includes/wp-db.php on line 1626
[27-Jul-2020 12:20:25 UTC] PHP Warning:  mysqli_real_connect(): (HY000/2054): The server requested authentication method unknown to the client in /Users/azamsurabov/Sites/testdomain.loc/bedrock/web/wp/wp-includes/wp-db.php on line 1626
[27-Jul-2020 12:20:27 UTC] PHP Warning:  mysqli_real_connect(): The server requested authentication method unknown to the client [caching_sha2_password] in /Users/azamsurabov/Sites/testdomain.loc/bedrock/web/wp/wp-includes/wp-db.php on line 1626
[27-Jul-2020 12:20:27 UTC] PHP Warning:  mysqli_real_connect(): (HY000/2054): The server requested authentication method unknown to the client in /Users/azamsurabov/Sites/testdomain.loc/bedrock/web/wp/wp-includes/wp-db.php on line 1626
[27-Jul-2020 12:20:49 UTC] PHP Warning:  mysqli_real_connect(): The server requested authentication method unknown to the client [caching_sha2_password] in /Users/azamsurabov/Sites/testdomain.loc/bedrock/web/wp/wp-includes/wp-db.php on line 1626
[27-Jul-2020 12:20:49 UTC] PHP Warning:  mysqli_real_connect(): (HY000/2054): The server requested authentication method unknown to the client in /Users/azamsurabov/Sites/testdomain.loc/bedrock/web/wp/wp-includes/wp-db.php on line 1626
[27-Jul-2020 20:33:57 UTC] PHP Fatal error:  Uncaught Symfony\Component\Debug\Exception\FatalThrowableError: syntax error, unexpected '<' in /Users/azamsurabov/Sites/testdomain.loc/bedrock/web/app/uploads/cache/12ffd73b36f8b622b295e41a4690c96ddb6827af.php:8
Stack trace:
#0 /Users/azamsurabov/Sites/testdomain.loc/bedrock/web/app/themes/testTheme/vendor/illuminate/view/Engines/CompilerEngine.php(59): Illuminate\View\Engines\PhpEngine->evaluatePath('/Users/azamsura...', Array)
#1 /Users/azamsurabov/Sites/testdomain.loc/bedrock/web/app/themes/testTheme/vendor/illuminate/view/View.php(142): Illuminate\View\Engines\CompilerEngine->get('/Users/azamsura...', Array)
#2 /Users/azamsurabov/Sites/testdomain.loc/bedrock/web/app/themes/testTheme/vendor/illuminate/view/View.php(125): Illuminate\View\View->getContents()
#3 /Users/azamsurabov/Sites/testdomain.loc/bedrock/web/app/themes/testTheme/vendor/illuminate/view/View.php(90): Illuminate\View\View->renderContents()
#4 /Users/azamsurabov/Sites/testdomain.loc/bedrock/web/app/uploads/cache/8acd13cbeef5662a3db3f2f751fb in /Users/azamsurabov/Sites/testdomain.loc/bedrock/web/app/uploads/cache/12ffd73b36f8b622b295e41a4690c96ddb6827af.php on line 8
[27-Jul-2020 20:35:33 UTC] PHP Fatal error:  Uncaught Symfony\Component\Debug\Exception\FatalThrowableError: syntax error, unexpected '<' in /Users/azamsurabov/Sites/testdomain.loc/bedrock/web/app/uploads/cache/12ffd73b36f8b622b295e41a4690c96ddb6827af.php:8
Stack trace:
#0 /Users/azamsurabov/Sites/testdomain.loc/bedrock/web/app/themes/testTheme/vendor/illuminate/view/Engines/CompilerEngine.php(59): Illuminate\View\Engines\PhpEngine->evaluatePath('/Users/azamsura...', Array)
#1 /Users/azamsurabov/Sites/testdomain.loc/bedrock/web/app/themes/testTheme/vendor/illuminate/view/View.php(142): Illuminate\View\Engines\CompilerEngine->get('/Users/azamsura...', Array)
#2 /Users/azamsurabov/Sites/testdomain.loc/bedrock/web/app/themes/testTheme/vendor/illuminate/view/View.php(125): Illuminate\View\View->getContents()
#3 /Users/azamsurabov/Sites/testdomain.loc/bedrock/web/app/themes/testTheme/vendor/illuminate/view/View.php(90): Illuminate\View\View->renderContents()
#4 /Users/azamsurabov/Sites/testdomain.loc/bedrock/web/app/uploads/cache/8acd13cbeef5662a3db3f2f751fb in /Users/azamsurabov/Sites/testdomain.loc/bedrock/web/app/uploads/cache/12ffd73b36f8b622b295e41a4690c96ddb6827af.php on line 8
[27-Jul-2020 20:35:34 UTC] PHP Fatal error:  Uncaught Symfony\Component\Debug\Exception\FatalThrowableError: syntax error, unexpected '<' in /Users/azamsurabov/Sites/testdomain.loc/bedrock/web/app/uploads/cache/12ffd73b36f8b622b295e41a4690c96ddb6827af.php:8
Stack trace:
#0 /Users/azamsurabov/Sites/testdomain.loc/bedrock/web/app/themes/testTheme/vendor/illuminate/view/Engines/CompilerEngine.php(59): Illuminate\View\Engines\PhpEngine->evaluatePath('/Users/azamsura...', Array)
#1 /Users/azamsurabov/Sites/testdomain.loc/bedrock/web/app/themes/testTheme/vendor/illuminate/view/View.php(142): Illuminate\View\Engines\CompilerEngine->get('/Users/azamsura...', Array)
#2 /Users/azamsurabov/Sites/testdomain.loc/bedrock/web/app/themes/testTheme/vendor/illuminate/view/View.php(125): Illuminate\View\View->getContents()
#3 /Users/azamsurabov/Sites/testdomain.loc/bedrock/web/app/themes/testTheme/vendor/illuminate/view/View.php(90): Illuminate\View\View->renderContents()
#4 /Users/azamsurabov/Sites/testdomain.loc/bedrock/web/app/uploads/cache/8acd13cbeef5662a3db3f2f751fb in /Users/azamsurabov/Sites/testdomain.loc/bedrock/web/app/uploads/cache/12ffd73b36f8b622b295e41a4690c96ddb6827af.php on line 8
[27-Jul-2020 20:57:18 UTC] PHP Fatal error:  Uncaught Symfony\Component\Debug\Exception\FatalThrowableError: Too few arguments to function e(), 0 passed in /Users/azamsurabov/Sites/testdomain.loc/bedrock/web/app/uploads/cache/d6ff19c51396cbf97ab27a8690b478d5dd98c029.php on line 9 and at least 1 expected in /Users/azamsurabov/Sites/testdomain.loc/bedrock/web/app/themes/testTheme/vendor/illuminate/support/helpers.php:572
Stack trace:
#0 /Users/azamsurabov/Sites/testdomain.loc/bedrock/web/app/uploads/cache/d6ff19c51396cbf97ab27a8690b478d5dd98c029.php(9): e()
#1 /Users/azamsurabov/Sites/testdomain.loc/bedrock/web/app/themes/testTheme/vendor/illuminate/view/Engines/PhpEngine.php(43): include('/Users/azamsura...')
#2 /Users/azamsurabov/Sites/testdomain.loc/bedrock/web/app/themes/testTheme/vendor/illuminate/view/Engines/CompilerEngine.php(59): Illuminate\View\Engines\PhpEngine->evaluatePath('/Users/azamsura...', Array)
#3 /Users/azamsurabov/Sites/testdomain.loc/bedrock/web/app/themes/testTheme/vendor/illuminate/view/View.php(142): Illuminate\View\Engines\Compi in /Users/azamsurabov/Sites/testdomain.loc/bedrock/web/app/themes/testTheme/vendor/illuminate/support/helpers.php on line 572
[27-Jul-2020 20:57:20 UTC] PHP Fatal error:  Uncaught Symfony\Component\Debug\Exception\FatalThrowableError: Too few arguments to function e(), 0 passed in /Users/azamsurabov/Sites/testdomain.loc/bedrock/web/app/uploads/cache/d6ff19c51396cbf97ab27a8690b478d5dd98c029.php on line 9 and at least 1 expected in /Users/azamsurabov/Sites/testdomain.loc/bedrock/web/app/themes/testTheme/vendor/illuminate/support/helpers.php:572
Stack trace:
#0 /Users/azamsurabov/Sites/testdomain.loc/bedrock/web/app/uploads/cache/d6ff19c51396cbf97ab27a8690b478d5dd98c029.php(9): e()
#1 /Users/azamsurabov/Sites/testdomain.loc/bedrock/web/app/themes/testTheme/vendor/illuminate/view/Engines/PhpEngine.php(43): include('/Users/azamsura...')
#2 /Users/azamsurabov/Sites/testdomain.loc/bedrock/web/app/themes/testTheme/vendor/illuminate/view/Engines/CompilerEngine.php(59): Illuminate\View\Engines\PhpEngine->evaluatePath('/Users/azamsura...', Array)
#3 /Users/azamsurabov/Sites/testdomain.loc/bedrock/web/app/themes/testTheme/vendor/illuminate/view/View.php(142): Illuminate\View\Engines\Compi in /Users/azamsurabov/Sites/testdomain.loc/bedrock/web/app/themes/testTheme/vendor/illuminate/support/helpers.php on line 572
[28-Jul-2020 05:58:27 UTC] PHP Fatal error:  Uncaught Symfony\Component\Debug\Exception\FatalThrowableError: syntax error, unexpected '<' in /Users/azamsurabov/Sites/testdomain.loc/bedrock/web/app/uploads/cache/d6ff19c51396cbf97ab27a8690b478d5dd98c029.php:7
Stack trace:
#0 /Users/azamsurabov/Sites/testdomain.loc/bedrock/web/app/themes/testTheme/vendor/illuminate/view/Engines/CompilerEngine.php(59): Illuminate\View\Engines\PhpEngine->evaluatePath('/Users/azamsura...', Array)
#1 /Users/azamsurabov/Sites/testdomain.loc/bedrock/web/app/themes/testTheme/vendor/illuminate/view/View.php(142): Illuminate\View\Engines\CompilerEngine->get('/Users/azamsura...', Array)
#2 /Users/azamsurabov/Sites/testdomain.loc/bedrock/web/app/themes/testTheme/vendor/illuminate/view/View.php(125): Illuminate\View\View->getContents()
#3 /Users/azamsurabov/Sites/testdomain.loc/bedrock/web/app/themes/testTheme/vendor/illuminate/view/View.php(90): Illuminate\View\View->renderContents()
#4 /Users/azamsurabov/Sites/testdomain.loc/bedrock/web/app/uploads/cache/4f75f26089fa8defab4c5c164751 in /Users/azamsurabov/Sites/testdomain.loc/bedrock/web/app/uploads/cache/d6ff19c51396cbf97ab27a8690b478d5dd98c029.php on line 7
[28-Jul-2020 08:19:25 UTC] PHP Fatal error:  Uncaught Symfony\Component\Debug\Exception\FatalThrowableError: syntax error, unexpected '<' in /Users/azamsurabov/Sites/testdomain.loc/bedrock/web/app/uploads/cache/d6ff19c51396cbf97ab27a8690b478d5dd98c029.php:48
Stack trace:
#0 /Users/azamsurabov/Sites/testdomain.loc/bedrock/web/app/themes/testTheme/vendor/illuminate/view/Engines/CompilerEngine.php(59): Illuminate\View\Engines\PhpEngine->evaluatePath('/Users/azamsura...', Array)
#1 /Users/azamsurabov/Sites/testdomain.loc/bedrock/web/app/themes/testTheme/vendor/illuminate/view/View.php(142): Illuminate\View\Engines\CompilerEngine->get('/Users/azamsura...', Array)
#2 /Users/azamsurabov/Sites/testdomain.loc/bedrock/web/app/themes/testTheme/vendor/illuminate/view/View.php(125): Illuminate\View\View->getContents()
#3 /Users/azamsurabov/Sites/testdomain.loc/bedrock/web/app/themes/testTheme/vendor/illuminate/view/View.php(90): Illuminate\View\View->renderContents()
#4 /Users/azamsurabov/Sites/testdomain.loc/bedrock/web/app/uploads/cache/4f75f26089fa8defab4c5c16475 in /Users/azamsurabov/Sites/testdomain.loc/bedrock/web/app/uploads/cache/d6ff19c51396cbf97ab27a8690b478d5dd98c029.php on line 48
[29-Jul-2020 07:01:26 UTC] PHP Warning:  mysqli_real_connect(): (HY000/2002): No such file or directory in /Users/azamsurabov/Sites/testdomain.loc/bedrock/web/wp/wp-includes/wp-db.php on line 1626
[30-Jul-2020 09:13:46 UTC] PHP Warning:  Use of undefined constant _S_VERSION - assumed '_S_VERSION' (this will throw an Error in a future version of PHP) in /Users/azamsurabov/Sites/testdomain.loc/bedrock/web/app/themes/testTheme/app/setup.php on line 19
